<?xml version="1.0" encoding="UTF-8"?>
<!-- Generated by org.testng.reporters.JUnitReportReporter -->
<testsuite skipped="0" hostname="MAVBCP532" name="com.testNGassignment.Testng_DataProviders" tests="12" failures="0" timestamp="2020-06-28T17:14:49 IST" time="0.349" errors="0">
  <testcase name="divide" time="0.080" classname="com.testNGassignment.Testng_DataProviders"/>
  <system-out/>
  <testcase name="multiply" time="0.017" classname="com.testNGassignment.Testng_DataProviders"/>
  <system-out/>
  <testcase name="add" time="0.011" classname="com.testNGassignment.Testng_DataProviders"/>
  <system-out/>
  <testcase name="add" time="0.028" classname="com.testNGassignment.Testng_DataProviders"/>
  <system-out/>
  <testcase name="divide" time="0.005" classname="com.testNGassignment.Testng_DataProviders"/>
  <system-out/>
  <testcase name="subtract" time="0.011" classname="com.testNGassignment.Testng_DataProviders"/>
  <system-out/>
  <testcase name="multiply" time="0.027" classname="com.testNGassignment.Testng_DataProviders"/>
  <system-out/>
  <testcase name="subtract" time="0.004" classname="com.testNGassignment.Testng_DataProviders"/>
  <system-out/>
  <testcase name="multiply" time="0.011" classname="com.testNGassignment.Testng_DataProviders"/>
  <system-out/>
  <testcase name="subtract" time="0.120" classname="com.testNGassignment.Testng_DataProviders"/>
  <system-out/>
  <testcase name="add" time="0.022" classname="com.testNGassignment.Testng_DataProviders"/>
  <system-out/>
  <testcase name="divide" time="0.013" classname="com.testNGassignment.Testng_DataProviders"/>
  <system-out/>
</testsuite> <!-- com.testNGassignment.Testng_DataProviders -->
