<?xml version="1.0" encoding="UTF-8"?>
<!-- Generated by org.testng.reporters.JUnitReportReporter -->
<testsuite skipped="0" hostname="MAVBCP532" name="com.testNGassignment.TestNG_AssertionReports" tests="2" failures="0" timestamp="2020-06-28T19:09:49 IST" time="54.146" errors="0">
  <testcase name="method4" time="25.764" classname="com.testNGassignment.TestNG_AssertionReports"/>
  <system-out>
Test Passed  </system-out>
  <testcase name="method3" time="28.382" classname="com.testNGassignment.TestNG_AssertionReports"/>
  <system-out>
Failed due to Actual and Expected not matched  </system-out>
</testsuite> <!-- com.testNGassignment.TestNG_AssertionReports -->
