<?xml version="1.0" encoding="UTF-8"?>
<!-- Generated by org.testng.reporters.JUnitReportReporter -->
<testsuite skipped="0" hostname="MAVBCP532" name="com.testNGassignment.Calculator" tests="6" failures="0" timestamp="2020-06-28T18:56:06 IST" time="0.081" errors="0">
  <testcase name="divideInt" time="0.014" classname="com.testNGassignment.Calculator"/>
  <system-out/>
  <testcase name="subtract" time="0.007" classname="com.testNGassignment.Calculator"/>
  <system-out/>
  <testcase name="modulus" time="0.028" classname="com.testNGassignment.Calculator"/>
  <system-out/>
  <testcase name="add" time="0.015" classname="com.testNGassignment.Calculator"/>
  <system-out/>
  <testcase name="negate" time="0.006" classname="com.testNGassignment.Calculator"/>
  <system-out/>
  <testcase name="exponent" time="0.011" classname="com.testNGassignment.Calculator"/>
  <system-out/>
</testsuite> <!-- com.testNGassignment.Calculator -->
