<?xml version="1.0" encoding="UTF-8"?>
<!-- Generated by org.testng.reporters.JUnitReportReporter -->
<testsuite skipped="0" hostname="MAVBCP532" name="com.testNGassignment.Calculator" tests="9" failures="0" timestamp="2020-06-28T18:48:46 IST" time="6.454" errors="0">
  <testcase name="multiply" time="0.025" classname="com.testNGassignment.Calculator"/>
  <system-out>
28-Jun-2020 06:48:45 PM : Test Passed Successfully  </system-out>
  <testcase name="subtract" time="0.003" classname="com.testNGassignment.Calculator"/>
  <system-out>
28-Jun-2020 06:48:45 PM : Test Passed Successfully  </system-out>
  <testcase name="inverse" time="0.012" classname="com.testNGassignment.Calculator"/>
  <system-out>
28-Jun-2020 06:48:45 PM : Test Passed Successfully  </system-out>
  <testcase name="modulus" time="0.004" classname="com.testNGassignment.Calculator"/>
  <system-out>
28-Jun-2020 06:48:45 PM : Test Passed Successfully  </system-out>
  <testcase name="exponent" time="0.007" classname="com.testNGassignment.Calculator"/>
  <system-out>
28-Jun-2020 06:48:45 PM : Test Passed Successfully  </system-out>
  <testcase name="add" time="3.190" classname="com.testNGassignment.Calculator"/>
  <system-out>
28-Jun-2020 06:48:45 PM : Test Passed Successfully  </system-out>
  <testcase name="negate" time="0.007" classname="com.testNGassignment.Calculator"/>
  <system-out>
28-Jun-2020 06:48:45 PM : Test Passed Successfully  </system-out>
  <testcase name="divideInt" time="3.191" classname="com.testNGassignment.Calculator"/>
  <system-out>
28-Jun-2020 06:48:45 PM : Test Passed Successfully  </system-out>
  <testcase name="divideReal" time="0.015" classname="com.testNGassignment.Calculator"/>
  <system-out>
28-Jun-2020 06:48:45 PM : Test Passed Successfully  </system-out>
</testsuite> <!-- com.testNGassignment.Calculator -->
