<?xml version="1.0" encoding="UTF-8"?>
<!-- Generated by org.testng.reporters.JUnitReportReporter -->
<testsuite skipped="0" hostname="MAVBCP532" name="com.testNGassignment.Testng_DataProviders" tests="12" failures="0" timestamp="2020-06-28T18:52:28 IST" time="0.249" errors="0">
  <testcase name="divide" time="0.010" classname="com.testNGassignment.Testng_DataProviders"/>
  <system-out/>
  <testcase name="multiply" time="0.016" classname="com.testNGassignment.Testng_DataProviders"/>
  <system-out/>
  <testcase name="add" time="0.060" classname="com.testNGassignment.Testng_DataProviders"/>
  <system-out/>
  <testcase name="add" time="0.036" classname="com.testNGassignment.Testng_DataProviders"/>
  <system-out/>
  <testcase name="divide" time="0.009" classname="com.testNGassignment.Testng_DataProviders"/>
  <system-out/>
  <testcase name="multiply" time="0.049" classname="com.testNGassignment.Testng_DataProviders"/>
  <system-out/>
  <testcase name="subtract" time="0.003" classname="com.testNGassignment.Testng_DataProviders"/>
  <system-out/>
  <testcase name="divide" time="0.003" classname="com.testNGassignment.Testng_DataProviders"/>
  <system-out/>
  <testcase name="subtract" time="0.005" classname="com.testNGassignment.Testng_DataProviders"/>
  <system-out/>
  <testcase name="subtract" time="0.008" classname="com.testNGassignment.Testng_DataProviders"/>
  <system-out/>
  <testcase name="multiply" time="0.039" classname="com.testNGassignment.Testng_DataProviders"/>
  <system-out/>
  <testcase name="add" time="0.011" classname="com.testNGassignment.Testng_DataProviders"/>
  <system-out/>
</testsuite> <!-- com.testNGassignment.Testng_DataProviders -->
