<?xml version="1.0" encoding="UTF-8"?>
<!-- Generated by org.testng.reporters.JUnitReportReporter -->
<testsuite skipped="0" hostname="MAVBCP532" name="com.testNGassignment.ParameterizedCalculator" tests="4" failures="0" timestamp="2020-06-26T16:59:49 IST" time="0.065" errors="0">
  <testcase name="divide" time="0.009" classname="com.testNGassignment.ParameterizedCalculator"/>
  <system-out/>
  <testcase name="add" time="0.028" classname="com.testNGassignment.ParameterizedCalculator"/>
  <system-out/>
  <testcase name="multiply" time="0.011" classname="com.testNGassignment.ParameterizedCalculator"/>
  <system-out/>
  <testcase name="subtract" time="0.017" classname="com.testNGassignment.ParameterizedCalculator"/>
  <system-out/>
</testsuite> <!-- com.testNGassignment.ParameterizedCalculator -->
