<?xml version="1.0" encoding="UTF-8"?>
<!-- Generated by org.testng.reporters.JUnitReportReporter -->
<testsuite skipped="0" hostname="MAVBCP532" name="com.testNGassignment.TestNG_Groups_Parameters" tests="3" failures="0" timestamp="2020-06-28T18:56:06 IST" time="0.053" errors="0">
  <testcase name="add" time="0.028" classname="com.testNGassignment.TestNG_Groups_Parameters"/>
  <system-out/>
  <testcase name="divide" time="0.009" classname="com.testNGassignment.TestNG_Groups_Parameters"/>
  <system-out/>
  <testcase name="multiply" time="0.016" classname="com.testNGassignment.TestNG_Groups_Parameters"/>
  <system-out/>
</testsuite> <!-- com.testNGassignment.TestNG_Groups_Parameters -->
