<?xml version="1.0" encoding="UTF-8"?>
<!-- Generated by org.testng.reporters.JUnitReportReporter -->
<testsuite skipped="0" hostname="MAVBCP532" name="com.testNGassignment.TestNG_Groups_Parameters" tests="3" failures="0" timestamp="2020-06-28T17:04:27 IST" time="0.074" errors="0">
  <testcase name="divide" time="0.008" classname="com.testNGassignment.TestNG_Groups_Parameters"/>
  <system-out/>
  <testcase name="multiply" time="0.029" classname="com.testNGassignment.TestNG_Groups_Parameters"/>
  <system-out/>
  <testcase name="add" time="0.037" classname="com.testNGassignment.TestNG_Groups_Parameters"/>
  <system-out/>
</testsuite> <!-- com.testNGassignment.TestNG_Groups_Parameters -->
