<?xml version="1.0" encoding="UTF-8"?>
<!-- Generated by org.testng.reporters.JUnitReportReporter -->
<testsuite skipped="0" hostname="MAVBCP532" name="com.internetapp.tests.dataProviders.TestNG_DataProviders" tests="3" failures="0" timestamp="2020-06-22T15:41:50 IST" time="0.057" errors="0">
  <testcase name="testMethod1" time="0.005" classname="com.internetapp.tests.dataProviders.TestNG_DataProviders"/>
  <system-out/>
  <testcase name="testMethod1" time="0.008" classname="com.internetapp.tests.dataProviders.TestNG_DataProviders"/>
  <system-out/>
  <testcase name="testMethod1" time="0.044" classname="com.internetapp.tests.dataProviders.TestNG_DataProviders"/>
  <system-out/>
</testsuite> <!-- com.internetapp.tests.dataProviders.TestNG_DataProviders -->
