<?xml version="1.0" encoding="UTF-8"?>
<!-- Generated by org.testng.reporters.JUnitReportReporter -->
<testsuite skipped="0" hostname="MAVBCP532" name="com.testNGassignment.Calculator" tests="9" failures="0" timestamp="2020-06-28T17:14:49 IST" time="0.331" errors="0">
  <testcase name="modulus" time="0.006" classname="com.testNGassignment.Calculator"/>
  <system-out/>
  <testcase name="divideInt" time="0.016" classname="com.testNGassignment.Calculator"/>
  <system-out/>
  <testcase name="divideReal" time="0.153" classname="com.testNGassignment.Calculator"/>
  <system-out/>
  <testcase name="negate" time="0.096" classname="com.testNGassignment.Calculator"/>
  <system-out/>
  <testcase name="inverse" time="0.014" classname="com.testNGassignment.Calculator"/>
  <system-out/>
  <testcase name="subtract" time="0.002" classname="com.testNGassignment.Calculator"/>
  <system-out/>
  <testcase name="exponent" time="0.004" classname="com.testNGassignment.Calculator"/>
  <system-out/>
  <testcase name="multiply" time="0.009" classname="com.testNGassignment.Calculator"/>
  <system-out/>
  <testcase name="add" time="0.031" classname="com.testNGassignment.Calculator"/>
  <system-out/>
</testsuite> <!-- com.testNGassignment.Calculator -->
